<?xml version="1.0" encoding="UTF-8"?>
<testsuite name="src.AppTest" tests="1" skipped="0" failures="0" errors="0" timestamp="2025-01-30T21:32:18" hostname="alex-laptop" time="0.009">
  <properties/>
  <testcase name="appHasAGreeting()" classname="src.AppTest" time="0.009"/>
  <system-out><![CDATA[]]></system-out>
  <system-err><![CDATA[]]></system-err>
</testsuite>
