<?xml version="1.0" encoding="UTF-8"?>
<testsuite name="src.ObjectsTest" tests="3" skipped="0" failures="0" errors="0" timestamp="2025-01-30T21:32:18" hostname="alex-laptop" time="0.008">
  <properties/>
  <testcase name="testObjectUsage()" classname="src.ObjectsTest" time="0.005"/>
  <testcase name="testObjectCreation()" classname="src.ObjectsTest" time="0.0"/>
  <testcase name="testGetObjectCount()" classname="src.ObjectsTest" time="0.001"/>
  <system-out><![CDATA[]]></system-out>
  <system-err><![CDATA[]]></system-err>
</testsuite>
