<?xml version="1.0" encoding="UTF-8"?>
<testsuite name="src.ObjectsTest" tests="3" skipped="0" failures="0" errors="0" timestamp="2025-01-30T18:51:56" hostname="DESKTOP-0JD41QQ" time="0.005">
  <properties/>
  <testcase name="testObjectUsage()" classname="src.ObjectsTest" time="0.003"/>
  <testcase name="testObjectCreation()" classname="src.ObjectsTest" time="0.0"/>
  <testcase name="testGetObjectCount()" classname="src.ObjectsTest" time="0.0"/>
  <system-out><![CDATA[]]></system-out>
  <system-err><![CDATA[]]></system-err>
</testsuite>
